<?xml version="1.0" encoding="UTF-8"?>
<!-- Generated by org.testng.reporters.JUnitXMLReporter -->
<testsuite ignored="0" hostname="SubhadeepLaptop" failures="0" tests="3" name="Default test" time="69.087" errors="0" timestamp="05 Jun 2020 17:13:34 GMT">
  <testcase classname="org.automation.testcase.TC01_StaticDataProvider" name="validateLogin" time="4.023"/>
  <testcase classname="org.automation.testcase.TC01_StaticDataProvider" name="validateLogin" time="5.602"/>
  <testcase classname="org.automation.testcase.TC01_StaticDataProvider" name="validateLogin" time="4.837"/>
</testsuite> <!-- Default test -->
