<?xml version="1.0" encoding="UTF-8"?>
<!-- Generated by org.testng.reporters.JUnitXMLReporter -->
<testsuite ignored="0" hostname="SubhadeepLaptop" failures="0" tests="1" name="Test" time="0.076" errors="0" timestamp="05 Jun 2020 14:04:16 GMT">
  <testcase classname="org.automation.base.DriverInstance" name="@BeforeMethod setBrowser" time="0.021">
    <failure type="java.lang.NullPointerException">
      <![CDATA[java.lang.NullPointerException
at org.automation.base.DriverInstance.setBrowser(DriverInstance.java:24)
... Removed 28 stack frames]]>
    </failure>
  </testcase> <!-- @BeforeMethod setBrowser -->
  <testcase classname="org.automation.base.DriverInstance" name="@AfterMethod closeBrowser" time="0.0">
    <skipped/>
  </testcase> <!-- @AfterMethod closeBrowser -->
  <testcase classname="org.automation.testcase.TC01" name="validateLogin" time="0.0">
    <skipped/>
  </testcase> <!-- validateLogin -->
</testsuite> <!-- Test -->
