<?xml version="1.0" encoding="UTF-8"?>
<testng-results ignored="0" total="3" passed="3" failed="0" skipped="0">
  <reporter-output>
  </reporter-output>
  <suite started-at="2020-06-05T17:12:24Z" name="Default suite" finished-at="2020-06-05T17:13:33Z" duration-ms="69087">
    <groups>
    </groups>
    <test started-at="2020-06-05T17:12:24Z" name="Default test" finished-at="2020-06-05T17:13:33Z" duration-ms="69087">
      <class name="org.automation.testcase.TC01_StaticDataProvider">
        <test-method is-config="true" signature="setBrowser()[pri:0, instance:org.automation.testcase.TC01_StaticDataProvider@a4102b8]" started-at="2020-06-05T17:12:24Z" name="setBrowser" finished-at="2020-06-05T17:12:39Z" duration-ms="14356" status="PASS">
          <reporter-output>
          </reporter-output>
        </test-method> <!-- setBrowser -->
        <test-method signature="validateLogin(java.lang.String, java.lang.String)[pri:0, instance:org.automation.testcase.TC01_StaticDataProvider@a4102b8]" started-at="2020-06-05T17:12:39Z" name="validateLogin" data-provider="static" finished-at="2020-06-05T17:12:43Z" duration-ms="4023" status="PASS">
          <params>
            <param index="0">
              <value>
                <![CDATA[uname1]]>
              </value>
            </param>
            <param index="1">
              <value>
                <![CDATA[pass1]]>
              </value>
            </param>
          </params>
          <reporter-output>
          </reporter-output>
        </test-method> <!-- validateLogin -->
        <test-method is-config="true" signature="closeBrowser()[pri:0, instance:org.automation.testcase.TC01_StaticDataProvider@a4102b8]" started-at="2020-06-05T17:12:43Z" name="closeBrowser" finished-at="2020-06-05T17:12:48Z" duration-ms="4864" status="PASS">
          <reporter-output>
          </reporter-output>
        </test-method> <!-- closeBrowser -->
        <test-method is-config="true" signature="setBrowser()[pri:0, instance:org.automation.testcase.TC01_StaticDataProvider@a4102b8]" started-at="2020-06-05T17:12:48Z" name="setBrowser" finished-at="2020-06-05T17:13:02Z" duration-ms="13855" status="PASS">
          <reporter-output>
          </reporter-output>
        </test-method> <!-- setBrowser -->
        <test-method signature="validateLogin(java.lang.String, java.lang.String)[pri:0, instance:org.automation.testcase.TC01_StaticDataProvider@a4102b8]" started-at="2020-06-05T17:13:02Z" name="validateLogin" data-provider="static" finished-at="2020-06-05T17:13:07Z" duration-ms="5602" status="PASS">
          <params>
            <param index="0">
              <value>
                <![CDATA[uname2]]>
              </value>
            </param>
            <param index="1">
              <value>
                <![CDATA[pass2]]>
              </value>
            </param>
          </params>
          <reporter-output>
          </reporter-output>
        </test-method> <!-- validateLogin -->
        <test-method is-config="true" signature="closeBrowser()[pri:0, instance:org.automation.testcase.TC01_StaticDataProvider@a4102b8]" started-at="2020-06-05T17:13:07Z" name="closeBrowser" finished-at="2020-06-05T17:13:12Z" duration-ms="5205" status="PASS">
          <reporter-output>
          </reporter-output>
        </test-method> <!-- closeBrowser -->
        <test-method is-config="true" signature="setBrowser()[pri:0, instance:org.automation.testcase.TC01_StaticDataProvider@a4102b8]" started-at="2020-06-05T17:13:12Z" name="setBrowser" finished-at="2020-06-05T17:13:23Z" duration-ms="10937" status="PASS">
          <reporter-output>
          </reporter-output>
        </test-method> <!-- setBrowser -->
        <test-method signature="validateLogin(java.lang.String, java.lang.String)[pri:0, instance:org.automation.testcase.TC01_StaticDataProvider@a4102b8]" started-at="2020-06-05T17:13:23Z" name="validateLogin" data-provider="static" finished-at="2020-06-05T17:13:28Z" duration-ms="4837" status="PASS">
          <params>
            <param index="0">
              <value>
                <![CDATA[uname3]]>
              </value>
            </param>
            <param index="1">
              <value>
                <![CDATA[pass3]]>
              </value>
            </param>
          </params>
          <reporter-output>
          </reporter-output>
        </test-method> <!-- validateLogin -->
        <test-method is-config="true" signature="closeBrowser()[pri:0, instance:org.automation.testcase.TC01_StaticDataProvider@a4102b8]" started-at="2020-06-05T17:13:28Z" name="closeBrowser" finished-at="2020-06-05T17:13:33Z" duration-ms="5357" status="PASS">
          <reporter-output>
          </reporter-output>
        </test-method> <!-- closeBrowser -->
      </class> <!-- org.automation.testcase.TC01_StaticDataProvider -->
    </test> <!-- Default test -->
  </suite> <!-- Default suite -->
</testng-results>
